<?xml version="1.0" encoding="UTF-8"?>
<!-- Generated by org.testng.reporters.JUnitReportReporter -->
<testsuite hostname="Nikhil" failures="0" tests="2" name="com.learning_TestNG.Learning_Priority_Attribute" time="25.119" errors="0" timestamp="2024-01-09T17:02:36 IST" skipped="0">
  <testcase classname="com.learning_TestNG.Learning_Priority_Attribute" name="registerTest" time="13.499"/>
  <system-out/>
  <testcase classname="com.learning_TestNG.Learning_Priority_Attribute" name="loginTest" time="11.620"/>
  <system-out/>
</testsuite> <!-- com.learning_TestNG.Learning_Priority_Attribute -->
