<?xml version="1.0" encoding="UTF-8"?>
<!-- Generated by org.testng.reporters.JUnitReportReporter -->
<testsuite hostname="Nikhil" failures="0" tests="1" name="com.testScripts.TC002_AddToCart_Test" time="6.198" errors="0" timestamp="2024-01-25T13:53:03 IST" skipped="0">
  <testcase classname="com.testScripts.TC002_AddToCart_Test" name="addProductToCart" time="6.198"/>
  <system-out/>
</testsuite> <!-- com.testScripts.TC002_AddToCart_Test -->
