<?xml version="1.0" encoding="UTF-8"?>
<!-- Generated by org.testng.reporters.JUnitReportReporter -->
<testsuite hostname="Nikhil" failures="0" tests="1" name="com.learning_TestNG.Learning_Extente_Report" time="13.553" errors="0" timestamp="2024-01-24T10:41:47 IST" skipped="0">
  <testcase classname="com.learning_TestNG.Learning_Extente_Report" name="loginTest" time="13.553"/>
  <system-out/>
</testsuite> <!-- com.learning_TestNG.Learning_Extente_Report -->
