<?xml version="1.0" encoding="UTF-8"?>
<!-- Generated by org.testng.reporters.JUnitReportReporter -->
<testsuite hostname="Nikhil" failures="0" tests="5" name="com.learning_TestNG.Learning_Properties_File" time="51.450" errors="0" timestamp="2024-01-19T13:49:38 IST" skipped="0">
  <testcase classname="com.learning_TestNG.Learning_Properties_File" name="loginTest" time="11.378"/>
  <system-out/>
  <testcase classname="com.learning_TestNG.Learning_Properties_File" name="loginTest" time="10.326"/>
  <system-out/>
  <testcase classname="com.learning_TestNG.Learning_Properties_File" name="loginTest" time="9.476"/>
  <system-out/>
  <testcase classname="com.learning_TestNG.Learning_Properties_File" name="loginTest" time="10.986"/>
  <system-out/>
  <testcase classname="com.learning_TestNG.Learning_Properties_File" name="loginTest" time="9.284"/>
  <system-out/>
</testsuite> <!-- com.learning_TestNG.Learning_Properties_File -->
