<?xml version="1.0" encoding="UTF-8"?>
<!-- Generated by org.testng.reporters.JUnitReportReporter -->
<testsuite hostname="Nikhil" failures="0" tests="1" name="com.learning_TestNG.Learning_Extent_Report" time="12.484" errors="0" timestamp="2024-01-24T18:21:06 IST" skipped="0">
  <testcase classname="com.learning_TestNG.Learning_Extent_Report" name="loginTest" time="12.484"/>
  <system-out/>
</testsuite> <!-- com.learning_TestNG.Learning_Extent_Report -->
