<?xml version="1.0" encoding="UTF-8"?>
<!-- Generated by org.testng.reporters.JUnitReportReporter -->
<testsuite hostname="Nikhil" failures="0" tests="1" name="com.learning_TestNG.Learning_Invocation_Time_Out_Attribute" time="12.042" errors="0" timestamp="2024-01-09T18:22:48 IST" skipped="0">
  <testcase classname="com.learning_TestNG.Learning_Invocation_Time_Out_Attribute" name="loginTest" time="12.042"/>
  <system-out/>
</testsuite> <!-- com.learning_TestNG.Learning_Invocation_Time_Out_Attribute -->
