<?xml version="1.0" encoding="UTF-8"?>
<!-- Generated by org.testng.reporters.JUnitReportReporter -->
<testsuite hostname="Nikhil" failures="0" tests="1" name="com.learning_TestNG.Learning_Invocation_Count_Attribute" time="13.493" errors="0" timestamp="2024-01-09T18:15:38 IST" skipped="0">
  <testcase classname="com.learning_TestNG.Learning_Invocation_Count_Attribute" name="loginTest" time="13.493"/>
  <system-out/>
</testsuite> <!-- com.learning_TestNG.Learning_Invocation_Count_Attribute -->
