<?xml version="1.0" encoding="UTF-8"?>
<!-- Generated by org.testng.reporters.JUnitReportReporter -->
<testsuite hostname="Nikhil" failures="0" tests="1" name="com.testScripts.Login_To_DWS" time="20.012" errors="0" timestamp="2024-01-23T11:01:55 IST" skipped="0">
  <testcase classname="com.testScripts.Login_To_DWS" name="loginTest" time="20.012"/>
  <system-out/>
</testsuite> <!-- com.testScripts.Login_To_DWS -->
