<?xml version="1.0" encoding="UTF-8"?>
<!-- Generated by org.testng.reporters.JUnitReportReporter -->
<testsuite hostname="Nikhil" failures="0" tests="1" name="com.testScripts.TC001_Search_Test" time="6.061" errors="0" timestamp="2024-01-25T13:53:03 IST" skipped="0">
  <testcase classname="com.testScripts.TC001_Search_Test" name="searchTest" time="6.061"/>
  <system-out/>
</testsuite> <!-- com.testScripts.TC001_Search_Test -->
