<?xml version="1.0" encoding="UTF-8"?>
<!-- Generated by org.testng.reporters.JUnitReportReporter -->
<testsuite hostname="Nikhil" failures="0" tests="25" name="com.learning_TestNG.Learning_Parallel_Execution_1" time="428.334" errors="0" timestamp="2024-01-10T16:54:12 IST" skipped="0">
  <testcase classname="com.learning_TestNG.Learning_Parallel_Execution_1" name="loginTest" time="20.957"/>
  <system-out/>
  <testcase classname="com.learning_TestNG.Learning_Parallel_Execution_1" name="loginTest" time="18.498"/>
  <system-out/>
  <testcase classname="com.learning_TestNG.Learning_Parallel_Execution_1" name="loginTest" time="21.019"/>
  <system-out/>
  <testcase classname="com.learning_TestNG.Learning_Parallel_Execution_1" name="loginTest" time="14.006"/>
  <system-out/>
  <testcase classname="com.learning_TestNG.Learning_Parallel_Execution_1" name="loginTest" time="21.844"/>
  <system-out/>
  <testcase classname="com.learning_TestNG.Learning_Parallel_Execution_1" name="loginTest" time="11.644"/>
  <system-out/>
  <testcase classname="com.learning_TestNG.Learning_Parallel_Execution_1" name="loginTest" time="20.986"/>
  <system-out/>
  <testcase classname="com.learning_TestNG.Learning_Parallel_Execution_1" name="loginTest" time="16.600"/>
  <system-out/>
  <testcase classname="com.learning_TestNG.Learning_Parallel_Execution_1" name="loginTest" time="16.976"/>
  <system-out/>
  <testcase classname="com.learning_TestNG.Learning_Parallel_Execution_1" name="loginTest" time="16.679"/>
  <system-out/>
  <testcase classname="com.learning_TestNG.Learning_Parallel_Execution_1" name="loginTest" time="15.850"/>
  <system-out/>
  <testcase classname="com.learning_TestNG.Learning_Parallel_Execution_1" name="loginTest" time="13.781"/>
  <system-out/>
  <testcase classname="com.learning_TestNG.Learning_Parallel_Execution_1" name="loginTest" time="24.808"/>
  <system-out/>
  <testcase classname="com.learning_TestNG.Learning_Parallel_Execution_1" name="loginTest" time="16.588"/>
  <system-out/>
  <testcase classname="com.learning_TestNG.Learning_Parallel_Execution_1" name="loginTest" time="20.989"/>
  <system-out/>
  <testcase classname="com.learning_TestNG.Learning_Parallel_Execution_1" name="loginTest" time="11.286"/>
  <system-out/>
  <testcase classname="com.learning_TestNG.Learning_Parallel_Execution_1" name="loginTest" time="17.408"/>
  <system-out/>
  <testcase classname="com.learning_TestNG.Learning_Parallel_Execution_1" name="loginTest" time="18.973"/>
  <system-out/>
  <testcase classname="com.learning_TestNG.Learning_Parallel_Execution_1" name="loginTest" time="15.943"/>
  <system-out/>
  <testcase classname="com.learning_TestNG.Learning_Parallel_Execution_1" name="loginTest" time="17.485"/>
  <system-out/>
  <testcase classname="com.learning_TestNG.Learning_Parallel_Execution_1" name="loginTest" time="14.467"/>
  <system-out/>
  <testcase classname="com.learning_TestNG.Learning_Parallel_Execution_1" name="loginTest" time="13.966"/>
  <system-out/>
  <testcase classname="com.learning_TestNG.Learning_Parallel_Execution_1" name="loginTest" time="16.447"/>
  <system-out/>
  <testcase classname="com.learning_TestNG.Learning_Parallel_Execution_1" name="loginTest" time="17.562"/>
  <system-out/>
  <testcase classname="com.learning_TestNG.Learning_Parallel_Execution_1" name="loginTest" time="13.572"/>
  <system-out/>
</testsuite> <!-- com.learning_TestNG.Learning_Parallel_Execution_1 -->
