<?xml version="1.0" encoding="UTF-8"?>
<!-- Generated by org.testng.reporters.JUnitReportReporter -->
<testsuite hostname="Nikhil" failures="0" tests="4" name="com.learning_TestNG.Learning_Multiple_Data_From_Excel" time="48.457" errors="0" timestamp="2024-01-22T18:21:12 IST" skipped="0">
  <testcase classname="com.learning_TestNG.Learning_Multiple_Data_From_Excel" name="loginTest" time="18.357"/>
  <system-out/>
  <testcase classname="com.learning_TestNG.Learning_Multiple_Data_From_Excel" name="loginTest" time="9.050"/>
  <system-out/>
  <testcase classname="com.learning_TestNG.Learning_Multiple_Data_From_Excel" name="loginTest" time="10.683"/>
  <system-out/>
  <testcase classname="com.learning_TestNG.Learning_Multiple_Data_From_Excel" name="loginTest" time="10.367"/>
  <system-out/>
</testsuite> <!-- com.learning_TestNG.Learning_Multiple_Data_From_Excel -->
