<?xml version="1.0" encoding="UTF-8"?>
<!-- Generated by org.testng.reporters.JUnitReportReporter -->
<testsuite hostname="Nikhil" failures="0" tests="3" name="com.learning_TestNG.First_TestNG_Class" time="0.019" errors="0" timestamp="2024-01-09T16:39:23 IST" skipped="0">
  <testcase classname="com.learning_TestNG.First_TestNG_Class" name="registerTC" time="0.002"/>
  <system-out>
    <![CDATA[This is Register Test Case]]>
  </system-out>
  <testcase classname="com.learning_TestNG.First_TestNG_Class" name="loginTC" time="0.015"/>
  <system-out>
    <![CDATA[This login Test Case]]>
  </system-out>
  <testcase classname="com.learning_TestNG.First_TestNG_Class" name="searchTC" time="0.002"/>
  <system-out>
    <![CDATA[This is Search Test Case]]>
  </system-out>
</testsuite> <!-- com.learning_TestNG.First_TestNG_Class -->
