<?xml version="1.0" encoding="UTF-8"?>
<!-- Generated by org.testng.reporters.JUnitReportReporter -->
<testsuite hostname="Nikhil" failures="0" tests="2" name="com.learning_TestNG.Learning_Enabled_Attribute" time="16.580" errors="0" timestamp="2024-01-09T17:54:03 IST" skipped="1">
  <testcase classname="com.learning_TestNG.Learning_Enabled_Attribute" name="loginTest" time="16.580"/>
  <system-out/>
  <testcase classname="com.learning_TestNG.Learning_Enabled_Attribute" name="registerTest">
    <skipped/>
  </testcase> <!-- registerTest -->
  <system-out/>
</testsuite> <!-- com.learning_TestNG.Learning_Enabled_Attribute -->
