<?xml version="1.0" encoding="UTF-8"?>
<!-- Generated by org.testng.reporters.JUnitReportReporter -->
<testsuite hostname="Nikhil" failures="0" tests="1" name="com.testScripts.TC003_RemoveFromCart_Test" time="8.229" errors="0" timestamp="2024-01-25T13:53:03 IST" skipped="0">
  <testcase classname="com.testScripts.TC003_RemoveFromCart_Test" name="removeProductFromCart" time="8.229"/>
  <system-out/>
</testsuite> <!-- com.testScripts.TC003_RemoveFromCart_Test -->
