<?xml version="1.0" encoding="UTF-8"?>
<!-- Generated by org.testng.reporters.JUnitReportReporter -->
<testsuite hostname="Nikhil" failures="0" tests="3" name="com.learning_TestNG.Learningf_Depends_On_Methods_Attribute" time="39.008" errors="0" timestamp="2024-01-09T17:37:26 IST" skipped="0">
  <testcase classname="com.learning_TestNG.Learningf_Depends_On_Methods_Attribute" name="registerTest" time="15.745"/>
  <system-out/>
  <testcase classname="com.learning_TestNG.Learningf_Depends_On_Methods_Attribute" name="searchTest" time="11.083"/>
  <system-out/>
  <testcase classname="com.learning_TestNG.Learningf_Depends_On_Methods_Attribute" name="loginTest" time="12.180"/>
  <system-out/>
</testsuite> <!-- com.learning_TestNG.Learningf_Depends_On_Methods_Attribute -->
