<?xml version="1.0" encoding="UTF-8"?>
<!-- Generated by org.testng.reporters.JUnitReportReporter -->
<testsuite hostname="Nikhil" failures="0" tests="3" name="com.learning_TestNG.Learning_Data_Providerr" time="34.468" errors="0" timestamp="2024-01-18T17:04:23 IST" skipped="0">
  <testcase classname="com.learning_TestNG.Learning_Data_Providerr" name="loginTest" time="11.193"/>
  <system-out/>
  <testcase classname="com.learning_TestNG.Learning_Data_Providerr" name="loginTest" time="11.006"/>
  <system-out/>
  <testcase classname="com.learning_TestNG.Learning_Data_Providerr" name="loginTest" time="12.269"/>
  <system-out/>
</testsuite> <!-- com.learning_TestNG.Learning_Data_Providerr -->
