<?xml version="1.0" encoding="UTF-8"?>
<!-- Generated by org.testng.reporters.JUnitReportReporter -->
<testsuite hostname="Nikhil" failures="0" tests="3" name="com.learning_TestNG.Learning_Configuration_Annotations" time="0.021" errors="0" timestamp="2024-01-10T17:47:41 IST" skipped="0">
  <testcase classname="com.learning_TestNG.Learning_Configuration_Annotations" name="loginTest" time="0.012"/>
  <system-out>
    <![CDATA[Executing Login Test Case]]>
  </system-out>
  <testcase classname="com.learning_TestNG.Learning_Configuration_Annotations" name="searchTest" time="0.005"/>
  <system-out>
    <![CDATA[Executing Search Test Case]]>
  </system-out>
  <testcase classname="com.learning_TestNG.Learning_Configuration_Annotations" name="registerTest" time="0.004"/>
  <system-out>
    <![CDATA[Executing Register test Case]]>
  </system-out>
</testsuite> <!-- com.learning_TestNG.Learning_Configuration_Annotations -->
