<?xml version="1.0" encoding="UTF-8"?>
<!-- Generated by org.testng.reporters.JUnitReportReporter -->
<testsuite hostname="Nikhil" failures="0" tests="3" name="com.learning_TestNG.Learning_Excel_File_2" time="33.957" errors="0" timestamp="2024-01-20T16:52:00 IST" skipped="0">
  <testcase classname="com.learning_TestNG.Learning_Excel_File_2" name="loginTest" time="12.278"/>
  <system-out/>
  <testcase classname="com.learning_TestNG.Learning_Excel_File_2" name="loginTest" time="10.977"/>
  <system-out/>
  <testcase classname="com.learning_TestNG.Learning_Excel_File_2" name="loginTest" time="10.702"/>
  <system-out/>
</testsuite> <!-- com.learning_TestNG.Learning_Excel_File_2 -->
